<?xml version="1.0" encoding="UTF-8" standalone="no"?>
<testsuite errors="0" failures="2" name="io.cucumber.core.plugin.JUnitFormatter" skipped="0" tests="2" time="28.925">
    <testcase classname="Check login functionality" name="Check if login is successful with valid credentials" time="16.277">
        <failure message="Session ID is null. Using WebDriver after calling quit()?&#10;Build info: version: '4.0.0-alpha-5', revision: 'b3a0d621cc'&#10;System info: host: 'TEODORA', ip: '192.168.100.3', os.name: 'Windows 10', os.arch: 'amd64', os.version: '10.0', java.version: '13'&#10;Driver info: driver.version: RemoteWebDriver" type="org.openqa.selenium.NoSuchSessionException">
            <![CDATA[Given user is on amazon home page - hooks...................................passed
When user clicks on login button - hooks....................................passed
And user enters testskit12345@gmail.com email - hooks.......................passed
And user clicks continue button - hooks.....................................passed
And user enters Skit123! password - hooks...................................passed
And user clicks on sign in button - hooks...................................passed
Then user is navigated to the home page - hooks.............................passed

StackTrace:
org.openqa.selenium.NoSuchSessionException: Session ID is null. Using WebDriver after calling quit()?
Build info: version: '4.0.0-alpha-5', revision: 'b3a0d621cc'
System info: host: 'TEODORA', ip: '192.168.100.3', os.name: 'Windows 10', os.arch: 'amd64', os.version: '10.0', java.version: '13'
Driver info: driver.version: RemoteWebDriver
	at org.openqa.selenium.remote.HttpCommandExecutor.execute(HttpCommandExecutor.java:128)
	at org.openqa.selenium.remote.service.DriverCommandExecutor.execute(DriverCommandExecutor.java:83)
	at org.openqa.selenium.remote.RemoteWebDriver.execute(RemoteWebDriver.java:582)
	at org.openqa.selenium.remote.RemoteWebDriver.execute(RemoteWebDriver.java:639)
	at org.openqa.selenium.remote.RemoteWebDriver.execute(RemoteWebDriver.java:643)
	at org.openqa.selenium.remote.RemoteWebDriver.close(RemoteWebDriver.java:468)
	at stepsForHooks.HooksSteps.tearDown(HooksSteps.java:35)
]]>
        </failure>
    </testcase>
    <testcase classname="Check login functionality" name="Check if login is unsuccessful with invalid password" time="12.115">
        <failure message="Session ID is null. Using WebDriver after calling quit()?&#10;Build info: version: '4.0.0-alpha-5', revision: 'b3a0d621cc'&#10;System info: host: 'TEODORA', ip: '192.168.100.3', os.name: 'Windows 10', os.arch: 'amd64', os.version: '10.0', java.version: '13'&#10;Driver info: driver.version: RemoteWebDriver" type="org.openqa.selenium.NoSuchSessionException">
            <![CDATA[Given user is on amazon home page - hooks...................................passed
When user clicks on login button - hooks....................................passed
And user enters testskit12345@gmail.com email - hooks.......................passed
And user clicks continue button - hooks.....................................passed
And user enters incorrect WrongPassword - hooks.............................passed
And user clicks on sign in button - hooks...................................passed
Then page displays invalid password error message - hooks...................passed

StackTrace:
org.openqa.selenium.NoSuchSessionException: Session ID is null. Using WebDriver after calling quit()?
Build info: version: '4.0.0-alpha-5', revision: 'b3a0d621cc'
System info: host: 'TEODORA', ip: '192.168.100.3', os.name: 'Windows 10', os.arch: 'amd64', os.version: '10.0', java.version: '13'
Driver info: driver.version: RemoteWebDriver
	at org.openqa.selenium.remote.HttpCommandExecutor.execute(HttpCommandExecutor.java:128)
	at org.openqa.selenium.remote.service.DriverCommandExecutor.execute(DriverCommandExecutor.java:83)
	at org.openqa.selenium.remote.RemoteWebDriver.execute(RemoteWebDriver.java:582)
	at org.openqa.selenium.remote.RemoteWebDriver.execute(RemoteWebDriver.java:639)
	at org.openqa.selenium.remote.RemoteWebDriver.execute(RemoteWebDriver.java:643)
	at org.openqa.selenium.remote.RemoteWebDriver.close(RemoteWebDriver.java:468)
	at stepsForHooks.HooksSteps.tearDown(HooksSteps.java:35)
]]>
        </failure>
    </testcase>
</testsuite>
