<?xml version="1.0" encoding="UTF-8" standalone="no"?>
<testsuite errors="0" failures="1" name="io.cucumber.core.plugin.JUnitFormatter" skipped="0" tests="2" time="41.497">
    <testcase classname="Check login functionality" name="Check if login is successful with valid credentials" time="16.436">
        <system-out>
            <![CDATA[Given user is on amazon home page...........................................passed
When user clicks on login button............................................passed
And user enters testskit12345@gmail.com email...............................passed
And user clicks continue button.............................................passed
And user enters Skit123! password...........................................passed
And user clicks on sign in button...........................................passed
Then user is navigated to the home page - login.............................passed
]]>
        </system-out>
    </testcase>
    <testcase classname="Check login functionality" name="Check if login is unsuccessful with invalid password" time="24.3">
        <failure message="timeout: Timed out receiving message from renderer: 18.930&#10;  (Session info: chrome=93.0.4577.63)&#10;Build info: version: '4.0.0-alpha-5', revision: 'b3a0d621cc'&#10;System info: host: 'TEODORA', ip: '192.168.0.103', os.name: 'Windows 10', os.arch: 'amd64', os.version: '10.0', java.version: '13'&#10;Driver info: org.openqa.selenium.chrome.ChromeDriver&#10;Capabilities {acceptInsecureCerts: false, browserName: chrome, browserVersion: 93.0.4577.63, chrome: {chromedriverVersion: 92.0.4515.107 (87a818b10553..., userDataDir: C:\Users\Teodora\AppData\Lo...}, goog:chromeOptions: {debuggerAddress: localhost:52529}, javascriptEnabled: true, networkConnectionEnabled: false, pageLoadStrategy: normal, platform: WINDOWS, platformName: WINDOWS, proxy: Proxy(), setWindowRect: true, strictFileInteractability: false, timeouts: {implicit: 0, pageLoad: 300000, script: 30000}, unhandledPromptBehavior: dismiss and notify, webauthn:extension:credBlob: true, webauthn:extension:largeBlob: true, webauthn:virtualAuthenticators: true}&#10;Session ID: 6e49082c7476d36c3d67206fced60032" type="org.openqa.selenium.TimeoutException">
            <![CDATA[Given user is on amazon home page...........................................failed
When user clicks on login button............................................skipped
And user enters testskit12345@gmail.com email...............................skipped
And user clicks continue button.............................................skipped
And user enters invalid WrongPassword.......................................skipped
And user clicks on sign in button...........................................skipped
Then page displays invalid password error message...........................skipped

StackTrace:
org.openqa.selenium.TimeoutException: timeout: Timed out receiving message from renderer: 18.930
  (Session info: chrome=93.0.4577.63)
Build info: version: '4.0.0-alpha-5', revision: 'b3a0d621cc'
System info: host: 'TEODORA', ip: '192.168.0.103', os.name: 'Windows 10', os.arch: 'amd64', os.version: '10.0', java.version: '13'
Driver info: org.openqa.selenium.chrome.ChromeDriver
Capabilities {acceptInsecureCerts: false, browserName: chrome, browserVersion: 93.0.4577.63, chrome: {chromedriverVersion: 92.0.4515.107 (87a818b10553..., userDataDir: C:\Users\Teodora\AppData\Lo...}, goog:chromeOptions: {debuggerAddress: localhost:52529}, javascriptEnabled: true, networkConnectionEnabled: false, pageLoadStrategy: normal, platform: WINDOWS, platformName: WINDOWS, proxy: Proxy(), setWindowRect: true, strictFileInteractability: false, timeouts: {implicit: 0, pageLoad: 300000, script: 30000}, unhandledPromptBehavior: dismiss and notify, webauthn:extension:credBlob: true, webauthn:extension:largeBlob: true, webauthn:virtualAuthenticators: true}
Session ID: 6e49082c7476d36c3d67206fced60032
	at java.base/jdk.internal.reflect.NativeConstructorAccessorImpl.newInstance0(Native Method)
	at java.base/jdk.internal.reflect.NativeConstructorAccessorImpl.newInstance(NativeConstructorAccessorImpl.java:62)
	at java.base/jdk.internal.reflect.DelegatingConstructorAccessorImpl.newInstance(DelegatingConstructorAccessorImpl.java:45)
	at java.base/java.lang.reflect.Constructor.newInstanceWithCaller(Constructor.java:500)
	at java.base/java.lang.reflect.Constructor.newInstance(Constructor.java:481)
	at org.openqa.selenium.remote.codec.w3c.W3CHttpResponseCodec.createException(W3CHttpResponseCodec.java:196)
	at org.openqa.selenium.remote.codec.w3c.W3CHttpResponseCodec.decode(W3CHttpResponseCodec.java:129)
	at org.openqa.selenium.remote.codec.w3c.W3CHttpResponseCodec.decode(W3CHttpResponseCodec.java:53)
	at org.openqa.selenium.remote.HttpCommandExecutor.execute(HttpCommandExecutor.java:161)
	at org.openqa.selenium.remote.service.DriverCommandExecutor.execute(DriverCommandExecutor.java:83)
	at org.openqa.selenium.remote.RemoteWebDriver.execute(RemoteWebDriver.java:582)
	at org.openqa.selenium.remote.RemoteWebDriver.get(RemoteWebDriver.java:282)
	at org.openqa.selenium.remote.RemoteWebDriver$RemoteNavigation.to(RemoteWebDriver.java:935)
	at stepsForHooks.HooksSteps.userIsOnAmazonHomePageLogin(HooksSteps.java:57)
	at ✽.user is on amazon home page(file:///F:/6%20семестар%202021/Софтверски%20квалитет%20и%20тестирање/Testing/AmazonSeleniumCucumberTesting/src/test/resources/Hooks/Hooks.feature:18)
]]>
        </failure>
    </testcase>
</testsuite>
