<?xml version="1.0" encoding="UTF-8" standalone="no"?>
<testsuite errors="0" failures="3" name="io.cucumber.core.plugin.JUnitFormatter" skipped="2" tests="7" time="27.292">
    <testcase classname="feature to test google search functionality" name="Validate google search is working" time="3.608">
        <skipped><![CDATA[Given browser is open.......................................................passed
And user is on google search page...........................................undefined
When user enters a text in search box.......................................undefined
And hits enter..............................................................undefined
Then user is navigated to search results....................................undefined
]]></skipped>
    </testcase>
    <testcase classname="Test login functionality" name="Check login is successful with valid credentials" time="10.684">
        <system-out><![CDATA[Given browser is open.......................................................passed
And user is on login page...................................................passed
When user enters Jana and 12345.............................................passed
And user clicks on login button.............................................passed
Then user is navigated to the home page.....................................passed
]]></system-out>
    </testcase>
    <testcase classname="Test login functionality" name="Check login is successful with valid credentials 2" time="12.372">
        <system-out><![CDATA[Given browser is open.......................................................passed
And user is on login page...................................................passed
When user enters Elle and 12345.............................................passed
And user clicks on login button.............................................passed
Then user is navigated to the home page.....................................passed
]]></system-out>
    </testcase>
    <testcase classname="demo functionality test" name="Check login with valid credentials" time="0.011">
        <skipped><![CDATA[Given user calculated 1/0...................................................undefined
When user enters valid username and password................................skipped
And clicks on login button..................................................undefined
Then user is navigated to the home page.....................................skipped
]]></skipped>
    </testcase>
    <testcase classname="demo functionality test" name="Check login with invalid credentials" time="0.011">
        <failure message="Cannot invoke &quot;org.openqa.selenium.WebDriver.navigate()&quot; because &quot;this.driver&quot; is null" type="java.lang.NullPointerException"><![CDATA[Given user is on login page.................................................failed
When user enters invalid username and password..............................skipped
And clicks on login button..................................................undefined
Then error message is displayed - Invalid Credentials.......................undefined

StackTrace:
java.lang.NullPointerException: Cannot invoke "org.openqa.selenium.WebDriver.navigate()" because "this.driver" is null
	at steps.LoginDemoStepsPOM.user_is_on_login_page(LoginDemoStepsPOM.java:31)
	at ✽.user is on login page(file:///C:/Users/mitro/Desktop/CucumberTests/src/test/resources/features/demo.feature:11)
]]></failure>
    </testcase>
    <testcase classname="login functionality test" name="Check login with valid credentials" time="0.017">
        <failure message="Cannot invoke &quot;org.openqa.selenium.WebDriver.navigate()&quot; because &quot;this.driver&quot; is null" type="java.lang.NullPointerException"><![CDATA[Given user is on login page.................................................failed
When user enters valid username and password................................skipped
And clicks on login button..................................................undefined
Then user is navigated to the home page.....................................skipped

StackTrace:
java.lang.NullPointerException: Cannot invoke "org.openqa.selenium.WebDriver.navigate()" because "this.driver" is null
	at steps.LoginDemoStepsPOM.user_is_on_login_page(LoginDemoStepsPOM.java:31)
	at ✽.user is on login page(file:///C:/Users/mitro/Desktop/CucumberTests/src/test/resources/features/login.feature:4)
]]></failure>
    </testcase>
    <testcase classname="login functionality test" name="Check login with invalid credentials" time="0.005">
        <failure message="Cannot invoke &quot;org.openqa.selenium.WebDriver.navigate()&quot; because &quot;this.driver&quot; is null" type="java.lang.NullPointerException"><![CDATA[Given user is on login page.................................................failed
When user enters invalid username and password..............................skipped
And clicks on login button..................................................undefined
Then error message is displayed - Invalid Credentials.......................undefined

StackTrace:
java.lang.NullPointerException: Cannot invoke "org.openqa.selenium.WebDriver.navigate()" because "this.driver" is null
	at steps.LoginDemoStepsPOM.user_is_on_login_page(LoginDemoStepsPOM.java:31)
	at ✽.user is on login page(file:///C:/Users/mitro/Desktop/CucumberTests/src/test/resources/features/login.feature:11)
]]></failure>
    </testcase>
</testsuite>
