<?xml version="1.0" encoding="UTF-8" standalone="no"?>
<testsuite errors="0" failures="0" name="io.cucumber.core.plugin.JUnitFormatter" skipped="1" tests="8" time="96.321">
    <testcase classname="Test add to cart functionality" name="Check if add to cart feature is successful" time="34.509">
        <system-out><![CDATA[Given page displays products................................................passed
When products are displayed.................................................passed
And user clicks on product..................................................passed
And user clicks add to cart.................................................passed
Then product is displayed in shopping cart..................................passed
]]></system-out>
    </testcase>
    <testcase classname="Test deliver to functionality" name="Check if deliver to information is valid" time="10.024">
        <system-out><![CDATA[Given browser is open - deliver to..........................................passed
And user is on amazon home page - deliver to................................passed
When user clicks on deliver to button.......................................passed
And user enters deliver to zipcode 20008....................................passed
Then user is navigated to the home page.....................................passed
]]></system-out>
    </testcase>
    <testcase classname="Test deliver to functionality" name="Check if deliver to is invalid" time="6.446">
        <system-out><![CDATA[Given browser is open - deliver to..........................................passed
And user is on amazon home page - deliver to................................passed
When user clicks on deliver to button.......................................passed
And user enters deliver to zipcode 1300.....................................passed
Then page displays error....................................................passed
]]></system-out>
    </testcase>
    <testcase classname="Test login functionality" name="Check if login is successful with valid credentials" time="11.468">
        <system-out><![CDATA[Given browser is open - login...............................................passed
And user is on amazon home page - login.....................................passed
When user clicks on login button............................................passed
And user enters testskit12345@gmail.com email...............................passed
And user clicks continue button.............................................passed
And user enters Skit123! password...........................................passed
And user clicks on sign in button...........................................passed
Then user is navigated to the home page - login.............................passed
]]></system-out>
    </testcase>
    <testcase classname="Test login functionality" name="Check if login is unsuccessful with invalid password" time="13.189">
        <system-out><![CDATA[Given browser is open - login...............................................passed
And user is on amazon home page - login.....................................passed
When user clicks on login button............................................passed
And user enters testskit12345@gmail.com email...............................passed
And user clicks continue button.............................................passed
And user enters invalid WrongPassword.......................................passed
And user clicks on sign in button...........................................passed
Then page displays invalid password error message...........................passed
]]></system-out>
    </testcase>
    <testcase classname="Test login functionality" name="Check if login is unsuccessful with invalid email" time="0.009">
        <skipped><![CDATA[Given browser is open.......................................................undefined
And user is on amazon home page.............................................undefined
When user clicks on login button............................................skipped
And user enters wrong test_skit12345@gmail.com..............................skipped
And user clicks continue button.............................................skipped
Then page displays invalid email error message..............................skipped
]]></skipped>
    </testcase>
    <testcase classname="Test search functionality" name="Check if search is successful with valid search words" time="8.772">
        <system-out><![CDATA[Given browser is open - search..............................................passed
And user is on amazon home page - search....................................passed
When user enters search input laptop........................................passed
And user clicks enter.......................................................passed
Then page displays search items.............................................passed
]]></system-out>
    </testcase>
    <testcase classname="Test search functionality" name="Check if search is successful with invalid search words" time="11.578">
        <system-out><![CDATA[Given browser is open - search..............................................passed
And user is on amazon home page - search....................................passed
When user enters search input fjskdzslmdcbjfskd123e4r323....................passed
And user clicks enter.......................................................passed
Then page displays search error.............................................passed
]]></system-out>
    </testcase>
</testsuite>
